[2025-09-25 15:23:57] Legacy of Divinity - Godot Restart Script
[2025-09-25 15:23:57] =========================================
[2025-09-25 15:23:57] Running in background mode - will not wait for Godot to exit
[2025-09-25 15:23:57] Logging to: C:\Users\kungf\OneDrive\Documents\git\testament\legacy-of-divinity\logs\godot-restart.log
[2025-09-25 15:23:57] Checking for running Godot processes...
[2025-09-25 15:23:57] No running Godot processes found.
[2025-09-25 15:23:57] Removing .godot cache folder...
[2025-09-25 15:23:59] .godot folder removed successfully.
[2025-09-25 15:23:59] Looking for Godot executable...
[2025-09-25 15:23:59] Found Godot at: C:\Users\kungf\OneDrive\Documents\git\testament\legacy-of-divinity\Godot_v4.5-stable_win64.exe
[2025-09-25 15:23:59] Opening Legacy of Divinity project...
[2025-09-25 15:23:59] Godot launched in background (PID: 86688)
[2025-09-25 15:23:59] Project: Legacy of Divinity
[2025-09-25 15:23:59] Script completed - Godot is running in background.
[2025-09-25 15:30:23] Legacy of Divinity - Godot Restart Script
[2025-09-25 15:30:23] =========================================
[2025-09-25 15:30:23] Running in background mode - will not wait for Godot to exit
[2025-09-25 15:30:23] Logging to: C:\Users\kungf\OneDrive\Documents\git\testament\legacy-of-divinity\logs\godot-restart.log
[2025-09-25 15:30:23] Checking for running Godot processes...
[2025-09-25 15:30:23] Found running Godot processes. Closing them...
[2025-09-25 15:30:25] Godot processes closed.
[2025-09-25 15:30:25] Removing .godot cache folder...
[2025-09-25 15:30:27] .godot folder removed successfully.
[2025-09-25 15:30:27] Looking for Godot executable...
[2025-09-25 15:30:27] Found Godot at: C:\Users\kungf\OneDrive\Documents\git\testament\legacy-of-divinity\Godot_v4.5-stable_win64.exe
[2025-09-25 15:30:27] Opening Legacy of Divinity project...
[2025-09-25 15:30:27] Godot launched in background (PID: 73968)
[2025-09-25 15:30:27] Project: Legacy of Divinity
[2025-09-25 15:30:27] Script completed - Godot is running in background.
[2025-09-25 15:32:10] Legacy of Divinity - Godot Restart Script
[2025-09-25 15:32:10] =========================================
[2025-09-25 15:32:10] Running in background mode - will not wait for Godot to exit
[2025-09-25 15:32:10] Logging to: C:\Users\kungf\OneDrive\Documents\git\testament\legacy-of-divinity\logs\godot-restart.log
[2025-09-25 15:32:10] Checking for running Godot processes...
[2025-09-25 15:32:10] No running Godot processes found.
[2025-09-25 15:32:10] Removing .godot cache folder...
[2025-09-25 15:32:12] .godot folder removed successfully.
[2025-09-25 15:32:12] Looking for Godot executable...
[2025-09-25 15:32:12] Found Godot at: C:\Users\kungf\OneDrive\Documents\git\testament\legacy-of-divinity\Godot_v4.5-stable_win64.exe
[2025-09-25 15:32:12] Opening Legacy of Divinity project...
[2025-09-25 15:32:12] Godot launched in background (PID: 79792)
[2025-09-25 15:32:12] Project: Legacy of Divinity
[2025-09-25 15:32:12] Script completed - Godot is running in background.
[2025-09-25 15:32:36] Legacy of Divinity - Godot Restart Script
[2025-09-25 15:32:36] =========================================
[2025-09-25 15:32:36] Running in background mode - will not wait for Godot to exit
[2025-09-25 15:32:36] Logging to: C:\Users\kungf\OneDrive\Documents\git\testament\legacy-of-divinity\logs\godot-restart.log
[2025-09-25 15:32:36] Checking for running Godot processes...
[2025-09-25 15:32:36] No running Godot processes found.
[2025-09-25 15:32:36] Removing .godot cache folder...
[2025-09-25 15:32:37] .godot folder removed successfully.
[2025-09-25 15:32:37] Looking for Godot executable...
[2025-09-25 15:32:37] Found Godot at: C:\Users\kungf\OneDrive\Documents\git\testament\legacy-of-divinity\Godot_v4.5-stable_win64.exe
[2025-09-25 15:32:37] Opening Legacy of Divinity project...
[2025-09-25 15:32:37] Godot launched in background (PID: 97044)
[2025-09-25 15:32:37] Project: Legacy of Divinity
[2025-09-25 15:32:37] Script completed - Godot is running in background.
[2025-09-25 15:35:20] Legacy of Divinity - Godot Restart Script
[2025-09-25 15:35:20] =========================================
[2025-09-25 15:35:20] Running in background mode - will not wait for Godot to exit
[2025-09-25 15:35:20] Logging to: C:\Users\kungf\OneDrive\Documents\git\testament\legacy-of-divinity\logs\godot-restart.log
[2025-09-25 15:35:20] Checking for running Godot processes...
[2025-09-25 15:35:20] Found running Godot processes. Closing them...
[2025-09-25 15:35:22] Godot processes closed.
[2025-09-25 15:35:22] Removing .godot cache folder...
[2025-09-25 15:35:24] .godot folder removed successfully.
[2025-09-25 15:35:24] Looking for Godot executable...
[2025-09-25 15:35:24] Found Godot at: C:\Users\kungf\OneDrive\Documents\git\testament\legacy-of-divinity\Godot_v4.5-stable_win64.exe
[2025-09-25 15:35:24] Opening Legacy of Divinity project...
[2025-09-25 15:35:24] Godot launched in background (PID: 36772)
[2025-09-25 15:35:24] Project: Legacy of Divinity
[2025-09-25 15:35:24] Script completed - Godot is running in background.
[2025-09-25 15:39:12] Legacy of Divinity - Godot Restart Script
[2025-09-25 15:39:12] =========================================
[2025-09-25 15:39:12] Running in background mode - will not wait for Godot to exit
[2025-09-25 15:39:12] Logging to: C:\Users\kungf\OneDrive\Documents\git\testament\legacy-of-divinity\logs\godot-restart.log
[2025-09-25 15:39:12] Checking for running Godot processes...
[2025-09-25 15:39:12] Found running Godot processes. Closing them...
[2025-09-25 15:39:14] Godot processes closed.
[2025-09-25 15:39:14] Removing .godot cache folder...
[2025-09-25 15:39:16] .godot folder removed successfully.
[2025-09-25 15:39:16] Looking for Godot executable...
[2025-09-25 15:39:16] Found Godot at: C:\Users\kungf\OneDrive\Documents\git\testament\legacy-of-divinity\Godot_v4.5-stable_win64.exe
[2025-09-25 15:39:16] Opening Legacy of Divinity project...
[2025-09-25 15:39:16] Godot launched in background (PID: 42464)
[2025-09-25 15:39:16] Project: Legacy of Divinity
[2025-09-25 15:39:16] Script completed - Godot is running in background.
[2025-09-25 15:40:15] Legacy of Divinity - Godot Restart Script
[2025-09-25 15:40:15] =========================================
[2025-09-25 15:40:15] Running in background mode - will not wait for Godot to exit
[2025-09-25 15:40:15] Logging to: C:\Users\kungf\OneDrive\Documents\git\testament\legacy-of-divinity\logs\godot-restart.log
[2025-09-25 15:40:15] Checking for running Godot processes...
[2025-09-25 15:40:15] Found running Godot processes. Closing them...
[2025-09-25 15:40:17] Godot processes closed.
[2025-09-25 15:40:17] Removing .godot cache folder...
[2025-09-25 15:40:19] .godot folder removed successfully.
[2025-09-25 15:40:19] Looking for Godot executable...
[2025-09-25 15:40:19] Found Godot at: C:\Users\kungf\OneDrive\Documents\git\testament\legacy-of-divinity\Godot_v4.5-stable_win64.exe
[2025-09-25 15:40:19] Opening Legacy of Divinity project...
[2025-09-25 15:40:19] Godot launched in background (PID: 124852)
[2025-09-25 15:40:19] Project: Legacy of Divinity
[2025-09-25 15:40:19] Script completed - Godot is running in background.
[2025-09-25 15:41:45] Legacy of Divinity - Godot Restart Script
[2025-09-25 15:41:45] =========================================
[2025-09-25 15:41:45] Running in background mode - will not wait for Godot to exit
[2025-09-25 15:41:45] Logging to: C:\Users\kungf\OneDrive\Documents\git\testament\legacy-of-divinity\logs\godot-restart.log
[2025-09-25 15:41:45] Checking for running Godot processes...
[2025-09-25 15:41:45] Found running Godot processes. Closing them...
[2025-09-25 15:41:47] Godot processes closed.
[2025-09-25 15:41:47] Removing .godot cache folder...
[2025-09-25 15:41:48] .godot folder removed successfully.
[2025-09-25 15:41:48] Looking for Godot executable...
[2025-09-25 15:41:48] Found Godot at: C:\Users\kungf\OneDrive\Documents\git\testament\legacy-of-divinity\Godot_v4.5-stable_win64.exe
[2025-09-25 15:41:48] Opening Legacy of Divinity project...
[2025-09-25 15:41:48] Godot launched in background (PID: 131356)
[2025-09-25 15:41:48] Project: Legacy of Divinity
[2025-09-25 15:41:48] Script completed - Godot is running in background.
[2025-09-25 15:42:18] Legacy of Divinity - Godot Restart Script
[2025-09-25 15:42:18] =========================================
[2025-09-25 15:42:18] Running in background mode - will not wait for Godot to exit
[2025-09-25 15:42:18] Logging to: C:\Users\kungf\OneDrive\Documents\git\testament\legacy-of-divinity\logs\godot-restart.log
[2025-09-25 15:42:18] Checking for running Godot processes...
[2025-09-25 15:42:18] Found running Godot processes. Closing them...
[2025-09-25 15:42:20] Godot processes closed.
[2025-09-25 15:42:20] Removing .godot cache folder...
[2025-09-25 15:42:21] .godot folder removed successfully.
[2025-09-25 15:42:21] Looking for Godot executable...
[2025-09-25 15:42:21] Found Godot at: C:\Users\kungf\OneDrive\Documents\git\testament\legacy-of-divinity\Godot_v4.5-stable_win64.exe
[2025-09-25 15:42:21] Opening Legacy of Divinity project...
[2025-09-25 15:42:21] Godot launched in background (PID: 80840)
[2025-09-25 15:42:21] Project: Legacy of Divinity
[2025-09-25 15:42:21] Script completed - Godot is running in background.
[2025-09-25 15:43:04] Legacy of Divinity - Godot Restart Script
[2025-09-25 15:43:04] =========================================
[2025-09-25 15:43:04] Running in background mode - will not wait for Godot to exit
[2025-09-25 15:43:04] Logging to: C:\Users\kungf\OneDrive\Documents\git\testament\legacy-of-divinity\logs\godot-restart.log
[2025-09-25 15:43:04] Checking for running Godot processes...
[2025-09-25 15:43:04] Found running Godot processes. Closing them...
[2025-09-25 15:43:06] Godot processes closed.
[2025-09-25 15:43:06] Removing .godot cache folder...
[2025-09-25 15:43:07] .godot folder removed successfully.
[2025-09-25 15:43:07] Looking for Godot executable...
[2025-09-25 15:43:07] Found Godot at: C:\Users\kungf\OneDrive\Documents\git\testament\legacy-of-divinity\Godot_v4.5-stable_win64.exe
[2025-09-25 15:43:07] Opening Legacy of Divinity project...
[2025-09-25 15:43:07] Godot launched in background (PID: 112116)
[2025-09-25 15:43:07] Project: Legacy of Divinity
[2025-09-25 15:43:07] Script completed - Godot is running in background.
[2025-09-25 15:43:25] Legacy of Divinity - Godot Restart Script
[2025-09-25 15:43:25] =========================================
[2025-09-25 15:43:25] Running in background mode - will not wait for Godot to exit
[2025-09-25 15:43:25] Logging to: C:\Users\kungf\OneDrive\Documents\git\testament\legacy-of-divinity\logs\godot-restart.log
[2025-09-25 15:43:25] Checking for running Godot processes...
[2025-09-25 15:43:25] Found running Godot processes. Closing them...
[2025-09-25 15:43:27] Godot processes closed.
[2025-09-25 15:43:27] Removing .godot cache folder...
[2025-09-25 15:43:28] .godot folder removed successfully.
[2025-09-25 15:43:28] Looking for Godot executable...
[2025-09-25 15:43:28] Found Godot at: C:\Users\kungf\OneDrive\Documents\git\testament\legacy-of-divinity\Godot_v4.5-stable_win64.exe
[2025-09-25 15:43:28] Opening Legacy of Divinity project...
[2025-09-25 15:43:28] Godot launched in background (PID: 131472)
[2025-09-25 15:43:28] Project: Legacy of Divinity
[2025-09-25 15:43:28] Script completed - Godot is running in background.
[2025-09-25 15:47:20] Legacy of Divinity - Godot Restart Script
[2025-09-25 15:47:20] =========================================
[2025-09-25 15:47:20] Running in background mode - will not wait for Godot to exit
[2025-09-25 15:47:20] Logging to: C:\Users\kungf\OneDrive\Documents\git\testament\legacy-of-divinity\logs\godot-restart.log
[2025-09-25 15:47:20] Checking for running Godot processes...
[2025-09-25 15:47:20] Found running Godot processes. Closing them...
[2025-09-25 15:47:22] Godot processes closed.
[2025-09-25 15:47:22] Removing .godot cache folder...
[2025-09-25 15:47:22] .godot folder removed successfully.
[2025-09-25 15:47:22] Looking for Godot executable...
[2025-09-25 15:47:22] Found Godot at: C:\Users\kungf\OneDrive\Documents\git\testament\legacy-of-divinity\Godot_v4.5-stable_win64.exe
[2025-09-25 15:47:22] Opening Legacy of Divinity project...
[2025-09-25 15:47:22] Godot launched in background (PID: 124148)
[2025-09-25 15:47:22] Project: Legacy of Divinity
[2025-09-25 15:47:22] Script completed - Godot is running in background.
[2025-09-25 15:47:51] Legacy of Divinity - Godot Restart Script
[2025-09-25 15:47:51] =========================================
[2025-09-25 15:47:51] Running in background mode - will not wait for Godot to exit
[2025-09-25 15:47:51] Logging to: C:\Users\kungf\OneDrive\Documents\git\testament\legacy-of-divinity\logs\godot-restart.log
[2025-09-25 15:47:51] Checking for running Godot processes...
[2025-09-25 15:47:51] No running Godot processes found.
[2025-09-25 15:47:51] Removing .godot cache folder...
[2025-09-25 15:47:51] .godot folder removed successfully.
[2025-09-25 15:47:51] Looking for Godot executable...
[2025-09-25 15:47:51] Found Godot at: C:\Users\kungf\OneDrive\Documents\git\testament\legacy-of-divinity\Godot_v4.5-stable_win64.exe
[2025-09-25 15:47:51] Opening Legacy of Divinity project...
[2025-09-25 15:47:51] Godot launched in background (PID: 79184)
[2025-09-25 15:47:51] Project: Legacy of Divinity
[2025-09-25 15:47:51] Script completed - Godot is running in background.
[2025-09-25 15:49:53] Legacy of Divinity - Godot Restart Script
[2025-09-25 15:49:53] =========================================
[2025-09-25 15:49:53] Running in background mode - will not wait for Godot to exit
[2025-09-25 15:49:53] Logging to: C:\Users\kungf\OneDrive\Documents\git\testament\legacy-of-divinity\logs\godot-restart.log
[2025-09-25 15:49:53] Checking for running Godot processes...
[2025-09-25 15:49:53] Found running Godot processes. Closing them...
[2025-09-25 15:49:55] Godot processes closed.
[2025-09-25 15:49:55] Removing .godot cache folder...
[2025-09-25 15:49:57] .godot folder removed successfully.
[2025-09-25 15:49:57] Looking for Godot executable...
[2025-09-25 15:49:57] Found Godot at: C:\Users\kungf\OneDrive\Documents\git\testament\legacy-of-divinity\Godot_v4.5-stable_win64.exe
[2025-09-25 15:49:57] Opening Legacy of Divinity project...
[2025-09-25 15:49:57] Godot launched in background (PID: 117520)
[2025-09-25 15:49:57] Project: Legacy of Divinity
[2025-09-25 15:49:57] Script completed - Godot is running in background.
[2025-09-25 15:50:16] Legacy of Divinity - Godot Restart Script
[2025-09-25 15:50:16] =========================================
[2025-09-25 15:50:16] Running in background mode - will not wait for Godot to exit
[2025-09-25 15:50:16] Logging to: C:\Users\kungf\OneDrive\Documents\git\testament\legacy-of-divinity\logs\godot-restart.log
[2025-09-25 15:50:16] Checking for running Godot processes...
[2025-09-25 15:50:16] Found running Godot processes. Closing them...
[2025-09-25 15:50:18] Godot processes closed.
[2025-09-25 15:50:18] Removing .godot cache folder...
[2025-09-25 15:50:20] .godot folder removed successfully.
[2025-09-25 15:50:20] Looking for Godot executable...
[2025-09-25 15:50:20] Found Godot at: C:\Users\kungf\OneDrive\Documents\git\testament\legacy-of-divinity\Godot_v4.5-stable_win64.exe
[2025-09-25 15:50:20] Opening Legacy of Divinity project...
[2025-09-25 15:50:20] Godot launched in background (PID: 135720)
[2025-09-25 15:50:20] Project: Legacy of Divinity
[2025-09-25 15:50:20] Script completed - Godot is running in background.
[2025-09-25 15:50:22] Legacy of Divinity - Godot Restart Script
[2025-09-25 15:50:22] =========================================
[2025-09-25 15:50:22] Running in background mode - will not wait for Godot to exit
[2025-09-25 15:50:22] Logging to: C:\Users\kungf\OneDrive\Documents\git\testament\legacy-of-divinity\logs\godot-restart.log
[2025-09-25 15:50:22] Checking for running Godot processes...
[2025-09-25 15:50:22] Found running Godot processes. Closing them...
[2025-09-25 15:50:24] Godot processes closed.
[2025-09-25 15:50:24] Removing .godot cache folder...
[2025-09-25 15:50:25] .godot folder removed successfully.
[2025-09-25 15:50:25] Looking for Godot executable...
[2025-09-25 15:50:25] Found Godot at: C:\Users\kungf\OneDrive\Documents\git\testament\legacy-of-divinity\Godot_v4.5-stable_win64.exe
[2025-09-25 15:50:25] Opening Legacy of Divinity project...
[2025-09-25 15:50:25] Godot launched in background (PID: 123004)
[2025-09-25 15:50:25] Project: Legacy of Divinity
[2025-09-25 15:50:25] Script completed - Godot is running in background.
[2025-09-25 15:50:57] Legacy of Divinity - Godot Restart Script
[2025-09-25 15:50:57] =========================================
[2025-09-25 15:50:57] Running in background mode - will not wait for Godot to exit
[2025-09-25 15:50:57] Logging to: C:\Users\kungf\OneDrive\Documents\git\testament\legacy-of-divinity\logs\godot-restart.log
[2025-09-25 15:50:57] Checking for running Godot processes...
[2025-09-25 15:50:57] Found running Godot processes. Closing them...
[2025-09-25 15:50:59] Godot processes closed.
[2025-09-25 15:50:59] Removing .godot cache folder...
[2025-09-25 15:51:00] .godot folder removed successfully.
[2025-09-25 15:51:00] Looking for Godot executable...
[2025-09-25 15:51:00] Found Godot at: C:\Users\kungf\OneDrive\Documents\git\testament\legacy-of-divinity\Godot_v4.5-stable_win64.exe
[2025-09-25 15:51:00] Opening Legacy of Divinity project...
[2025-09-25 15:51:00] Godot launched in background (PID: 51804)
[2025-09-25 15:51:00] Project: Legacy of Divinity
[2025-09-25 15:51:00] Script completed - Godot is running in background.
